<?xml version="1.0" encoding="UTF-8"?>
<!-- Generated by org.testng.reporters.JUnitXMLReporter -->
<testsuite ignored="0" hostname="LTIN231003" failures="0" tests="11" name="Default test" time="96.194" errors="0" timestamp="2024-02-28T11:13:46 IST">
  <testcase classname="AllTestcases.TestCases" name="verify_url" time="0.616"/>
  <testcase classname="AllTestcases.TestCases" name="verify_select1" time="7.994"/>
  <testcase classname="AllTestcases.TestCases" name="verify_select2" time="7.111"/>
  <testcase classname="AllTestcases.TestCases" name="verify_select3" time="13.187"/>
  <testcase classname="AllTestcases.TestCases" name="verify_doc_list" time="16.464"/>
  <testcase classname="AllTestcases.TestCases" name="verify_surg_list" time="5.013"/>
  <testcase classname="AllTestcases.TestCases" name="verify_clickforCorp" time="5.357"/>
  <testcase classname="AllTestcases.TestCases" name="verify_button1" time="7.797"/>
  <testcase classname="AllTestcases.TestCases" name="verify_button2" time="3.813"/>
  <testcase classname="AllTestcases.TestCases" name="verify_button3" time="7.837"/>
  <testcase classname="AllTestcases.TestCases" name="verify_button4" time="4.166"/>
</testsuite> <!-- Default test -->
