<?xml version="1.0" encoding="UTF-8"?>
<!-- Generated by org.testng.reporters.JUnitXMLReporter -->
<testsuite ignored="0" hostname="LTIN252447" failures="0" tests="11" name="Test" time="107.481" errors="0" timestamp="2024-03-05T12:52:54 IST">
  <testcase classname="AllTestcases.TestCases" name="verify_url" time="0.821"/>
  <testcase classname="AllTestcases.TestCases" name="verify_select1" time="8.226"/>
  <testcase classname="AllTestcases.TestCases" name="verify_select2" time="8.223"/>
  <testcase classname="AllTestcases.TestCases" name="verify_select3" time="13.211"/>
  <testcase classname="AllTestcases.TestCases" name="verify_doc_list" time="20.171"/>
  <testcase classname="AllTestcases.TestCases" name="verify_surg_list" time="5.742"/>
  <testcase classname="AllTestcases.TestCases" name="verify_clickforCorp" time="6.994"/>
  <testcase classname="AllTestcases.TestCases" name="verify_button1" time="6.009"/>
  <testcase classname="AllTestcases.TestCases" name="verify_button2" time="3.875"/>
  <testcase classname="AllTestcases.TestCases" name="verify_button3" time="6.553"/>
  <testcase classname="AllTestcases.TestCases" name="verify_button4" time="4.402"/>
</testsuite> <!-- Test -->
