<?xml version="1.0" encoding="UTF-8"?>
<testng-results ignored="0" total="11" passed="11" failed="0" skipped="0">
  <reporter-output>
  </reporter-output>
  <suite started-at="2024-03-05T12:51:06 IST" name="Suite" finished-at="2024-03-05T12:52:54 IST" duration-ms="107481">
    <groups>
    </groups>
    <test started-at="2024-03-05T12:51:06 IST" name="Test" finished-at="2024-03-05T12:52:54 IST" duration-ms="107481">
      <class name="AllTestcases.TestCases">
        <test-method is-config="true" signature="Browserlaunch(java.lang.String,java.lang.String)[pri:0, instance:AllTestcases.TestCases@3590fc5b]" started-at="2024-03-05T12:51:07 IST" name="Browserlaunch" finished-at="2024-03-05T12:51:27 IST" duration-ms="20076" status="PASS">
          <params>
            <param index="0">
              <value>
                <![CDATA[Chrome]]>
              </value>
            </param>
            <param index="1">
              <value>
                <![CDATA[windows]]>
              </value>
            </param>
          </params>
          <reporter-output>
          </reporter-output>
        </test-method> <!-- Browserlaunch -->
        <test-method signature="verify_url()[pri:1, instance:AllTestcases.TestCases@3590fc5b]" started-at="2024-03-05T12:51:27 IST" name="verify_url" finished-at="2024-03-05T12:51:28 IST" duration-ms="821" status="PASS">
          <reporter-output>
          </reporter-output>
        </test-method> <!-- verify_url -->
        <test-method signature="verify_select1()[pri:2, instance:AllTestcases.TestCases@3590fc5b]" started-at="2024-03-05T12:51:28 IST" name="verify_select1" finished-at="2024-03-05T12:51:37 IST" duration-ms="8226" status="PASS">
          <reporter-output>
          </reporter-output>
        </test-method> <!-- verify_select1 -->
        <test-method signature="verify_select2()[pri:3, instance:AllTestcases.TestCases@3590fc5b]" started-at="2024-03-05T12:51:37 IST" name="verify_select2" finished-at="2024-03-05T12:51:45 IST" duration-ms="8223" status="PASS">
          <reporter-output>
          </reporter-output>
        </test-method> <!-- verify_select2 -->
        <test-method signature="verify_select3()[pri:4, instance:AllTestcases.TestCases@3590fc5b]" started-at="2024-03-05T12:51:45 IST" name="verify_select3" finished-at="2024-03-05T12:51:58 IST" duration-ms="13211" status="PASS">
          <reporter-output>
          </reporter-output>
        </test-method> <!-- verify_select3 -->
        <test-method signature="verify_doc_list()[pri:5, instance:AllTestcases.TestCases@3590fc5b]" started-at="2024-03-05T12:51:58 IST" name="verify_doc_list" finished-at="2024-03-05T12:52:18 IST" duration-ms="20171" status="PASS">
          <reporter-output>
          </reporter-output>
        </test-method> <!-- verify_doc_list -->
        <test-method signature="verify_surg_list()[pri:6, instance:AllTestcases.TestCases@3590fc5b]" started-at="2024-03-05T12:52:18 IST" name="verify_surg_list" finished-at="2024-03-05T12:52:24 IST" duration-ms="5742" status="PASS">
          <reporter-output>
          </reporter-output>
        </test-method> <!-- verify_surg_list -->
        <test-method signature="verify_clickforCorp()[pri:7, instance:AllTestcases.TestCases@3590fc5b]" started-at="2024-03-05T12:52:24 IST" name="verify_clickforCorp" finished-at="2024-03-05T12:52:31 IST" duration-ms="6994" status="PASS">
          <reporter-output>
          </reporter-output>
        </test-method> <!-- verify_clickforCorp -->
        <test-method signature="verify_button1()[pri:8, instance:AllTestcases.TestCases@3590fc5b]" started-at="2024-03-05T12:52:31 IST" name="verify_button1" finished-at="2024-03-05T12:52:37 IST" duration-ms="6009" status="PASS">
          <reporter-output>
          </reporter-output>
        </test-method> <!-- verify_button1 -->
        <test-method signature="verify_button2()[pri:9, instance:AllTestcases.TestCases@3590fc5b]" started-at="2024-03-05T12:52:37 IST" name="verify_button2" finished-at="2024-03-05T12:52:41 IST" duration-ms="3875" status="PASS">
          <reporter-output>
          </reporter-output>
        </test-method> <!-- verify_button2 -->
        <test-method signature="verify_button3()[pri:10, instance:AllTestcases.TestCases@3590fc5b]" started-at="2024-03-05T12:52:41 IST" name="verify_button3" finished-at="2024-03-05T12:52:47 IST" duration-ms="6553" status="PASS">
          <reporter-output>
          </reporter-output>
        </test-method> <!-- verify_button3 -->
        <test-method signature="verify_button4()[pri:11, instance:AllTestcases.TestCases@3590fc5b]" started-at="2024-03-05T12:52:47 IST" name="verify_button4" finished-at="2024-03-05T12:52:52 IST" duration-ms="4402" status="PASS">
          <reporter-output>
          </reporter-output>
        </test-method> <!-- verify_button4 -->
        <test-method is-config="true" signature="closeBrowser()[pri:0, instance:AllTestcases.TestCases@3590fc5b]" started-at="2024-03-05T12:52:52 IST" name="closeBrowser" finished-at="2024-03-05T12:52:54 IST" duration-ms="1870" status="PASS">
          <reporter-output>
          </reporter-output>
        </test-method> <!-- closeBrowser -->
      </class> <!-- AllTestcases.TestCases -->
    </test> <!-- Test -->
  </suite> <!-- Suite -->
</testng-results>
